2025-04-27 18:44:06,577 INFO o.a.j.u.JMeterUtils: Setting Locale to en_EN
2025-04-27 18:44:06,601 INFO o.a.j.JMeter: Loading user properties from: /opt/jmeter/bin/user.properties
2025-04-27 18:44:06,602 INFO o.a.j.JMeter: Loading system properties from: /opt/jmeter/bin/system.properties
2025-04-27 18:44:06,611 INFO o.a.j.JMeter: Copyright (c) 1998-2024 The Apache Software Foundation
2025-04-27 18:44:06,611 INFO o.a.j.JMeter: Version 5.6.3
2025-04-27 18:44:06,611 INFO o.a.j.JMeter: java.version=23.0.1
2025-04-27 18:44:06,611 INFO o.a.j.JMeter: java.vm.name=OpenJDK 64-Bit Server VM
2025-04-27 18:44:06,611 INFO o.a.j.JMeter: os.name=Linux
2025-04-27 18:44:06,611 INFO o.a.j.JMeter: os.arch=amd64
2025-04-27 18:44:06,611 INFO o.a.j.JMeter: os.version=6.11.2-amd64
2025-04-27 18:44:06,611 INFO o.a.j.JMeter: file.encoding=UTF-8
2025-04-27 18:44:06,611 INFO o.a.j.JMeter: java.awt.headless=null
2025-04-27 18:44:06,611 INFO o.a.j.JMeter: Max memory     =1073741824
2025-04-27 18:44:06,612 INFO o.a.j.JMeter: Available Processors =8
2025-04-27 18:44:06,634 INFO o.a.j.JMeter: Default Locale=English (EN)
2025-04-27 18:44:06,635 INFO o.a.j.JMeter: JMeter  Locale=English (EN)
2025-04-27 18:44:06,635 INFO o.a.j.JMeter: JMeterHome=/opt/jmeter
2025-04-27 18:44:06,635 INFO o.a.j.JMeter: user.dir  =/home/zerotwo/git/opencart-testing
2025-04-27 18:44:06,635 INFO o.a.j.JMeter: PWD       =/home/zerotwo/git/opencart-testing
2025-04-27 18:44:06,635 INFO o.a.j.JMeter: IP: 127.0.1.1 Name: zerotwo FullName: zerotwo
2025-04-27 18:44:06,650 INFO o.a.j.JMeter: Loaded icon properties from org/apache/jmeter/images/icon.properties
2025-04-27 18:44:06,885 INFO o.a.j.JMeterGuiLauncher: Setting LAF to: com.github.weisj.darklaf.DarkLaf:com.github.weisj.darklaf.theme.DarculaTheme
2025-04-27 18:44:26,447 INFO o.a.j.s.FileServer: Default base='/home/zerotwo/git/opencart-testing'
2025-04-27 18:44:26,453 INFO o.a.j.g.a.Load: Loading file: /home/zerotwo/git/opencart-testing/Load_stress_testing/Stress-Summary Report.jmx
2025-04-27 18:44:26,453 INFO o.a.j.s.FileServer: Set new base='/home/zerotwo/git/opencart-testing/Load_stress_testing'
2025-04-27 18:44:26,762 INFO o.a.j.s.SaveService: Testplan (JMX) version: 2.2. Testlog (JTL) version: 2.2
2025-04-27 18:44:26,799 INFO o.a.j.s.SaveService: Using SaveService properties version 5.0
2025-04-27 18:44:26,800 INFO o.a.j.s.SaveService: Using SaveService properties file encoding UTF-8
2025-04-27 18:44:26,801 INFO o.a.j.s.SaveService: Loading file: /home/zerotwo/git/opencart-testing/Load_stress_testing/Stress-Summary Report.jmx
2025-04-27 18:44:26,828 INFO o.a.j.p.h.c.CookieManager: Settings: Delete null: true Check: true Allow variable: true Save: false Prefix: COOKIE_
2025-04-27 18:44:26,833 INFO o.a.j.p.h.s.HTTPSamplerBase: Parser for text/html is org.apache.jmeter.protocol.http.parser.LagartoBasedHtmlParser
2025-04-27 18:44:26,833 INFO o.a.j.p.h.s.HTTPSamplerBase: Parser for application/xhtml+xml is org.apache.jmeter.protocol.http.parser.LagartoBasedHtmlParser
2025-04-27 18:44:26,833 INFO o.a.j.p.h.s.HTTPSamplerBase: Parser for application/xml is org.apache.jmeter.protocol.http.parser.LagartoBasedHtmlParser
2025-04-27 18:44:26,833 INFO o.a.j.p.h.s.HTTPSamplerBase: Parser for text/xml is org.apache.jmeter.protocol.http.parser.LagartoBasedHtmlParser
2025-04-27 18:44:26,833 INFO o.a.j.p.h.s.HTTPSamplerBase: Parser for text/vnd.wap.wml is org.apache.jmeter.protocol.http.parser.RegexpHTMLParser
2025-04-27 18:44:26,834 INFO o.a.j.p.h.s.HTTPSamplerBase: Parser for text/css is org.apache.jmeter.protocol.http.parser.CssParser
2025-04-27 18:44:27,173 INFO o.a.j.s.SampleResult: Note: Sample TimeStamps are START times
2025-04-27 18:44:27,173 INFO o.a.j.s.SampleResult: sampleresult.default.encoding is set to UTF-8
2025-04-27 18:44:27,174 INFO o.a.j.s.SampleResult: sampleresult.useNanoTime=true
2025-04-27 18:44:27,174 INFO o.a.j.s.SampleResult: sampleresult.nanoThreadSleep=5000
2025-04-27 18:44:27,393 INFO o.a.j.s.FileServer: Set new base='/home/zerotwo/git/opencart-testing/Load_stress_testing'
2025-04-27 18:44:40,899 INFO o.a.j.e.StandardJMeterEngine: Running the test!
2025-04-27 18:44:40,900 INFO o.a.j.s.SampleEvent: List of sample_variables: []
2025-04-27 18:44:40,900 INFO o.a.j.s.SampleEvent: List of sample_variables: []
2025-04-27 18:44:40,900 INFO o.a.j.e.u.CompoundVariable: Note: Function class names must contain the string: '.functions.'
2025-04-27 18:44:40,901 INFO o.a.j.e.u.CompoundVariable: Note: Function class names must not contain the string: '.gui.'
2025-04-27 18:44:40,993 INFO o.a.j.g.u.JMeterMenuBar: setRunning(true, *local*)
2025-04-27 18:44:41,033 INFO o.a.j.e.StandardJMeterEngine: Starting ThreadGroup: 1 : Stress-Test-TG
2025-04-27 18:44:41,033 INFO o.a.j.e.StandardJMeterEngine: Starting 100 threads for group Stress-Test-TG.
2025-04-27 18:44:41,033 INFO o.a.j.e.StandardJMeterEngine: Thread will continue on error
2025-04-27 18:44:41,034 INFO o.a.j.t.ThreadGroup: Starting thread group... number=1 threads=100 ramp-up=100 delayedStart=false
2025-04-27 18:44:41,037 INFO o.a.j.t.JMeterThread: Thread started: Stress-Test-TG 1-1
2025-04-27 18:44:41,090 INFO o.a.j.t.ThreadGroup: Started thread group number 1
2025-04-27 18:44:41,090 INFO o.a.j.e.StandardJMeterEngine: All thread groups have been started
2025-04-27 18:44:42,036 INFO o.a.j.t.JMeterThread: Thread started: Stress-Test-TG 1-2
2025-04-27 18:44:43,036 INFO o.a.j.t.JMeterThread: Thread started: Stress-Test-TG 1-3
2025-04-27 18:44:44,035 INFO o.a.j.t.JMeterThread: Thread started: Stress-Test-TG 1-4
2025-04-27 18:44:44,058 INFO o.a.j.p.h.s.HTTPHCAbstractImpl: Local host = zerotwo
2025-04-27 18:44:44,066 INFO o.a.j.p.h.s.HTTPHC4Impl: HTTP request retry count = 0
2025-04-27 18:44:45,035 INFO o.a.j.t.JMeterThread: Thread started: Stress-Test-TG 1-5
2025-04-27 18:44:46,035 INFO o.a.j.t.JMeterThread: Thread started: Stress-Test-TG 1-6
2025-04-27 18:44:47,035 INFO o.a.j.t.JMeterThread: Thread started: Stress-Test-TG 1-7
2025-04-27 18:44:48,035 INFO o.a.j.t.JMeterThread: Thread started: Stress-Test-TG 1-8
2025-04-27 18:44:49,036 INFO o.a.j.t.JMeterThread: Thread started: Stress-Test-TG 1-9
2025-04-27 18:44:49,990 INFO o.a.j.g.a.Start: Shutting test down
2025-04-27 18:44:49,994 INFO o.a.j.t.JMeterThread: Stopping: Stress-Test-TG 1-29
2025-04-27 18:44:49,995 INFO o.a.j.t.JMeterThread: Stopping: Stress-Test-TG 1-61
2025-04-27 18:44:49,995 INFO o.a.j.t.JMeterThread: Stopping: Stress-Test-TG 1-48
2025-04-27 18:44:49,995 INFO o.a.j.t.JMeterThread: Stopping: Stress-Test-TG 1-68
2025-04-27 18:44:49,995 INFO o.a.j.t.JMeterThread: Stopping: Stress-Test-TG 1-14
2025-04-27 18:44:49,995 INFO o.a.j.t.JMeterThread: Stopping: Stress-Test-TG 1-30
2025-04-27 18:44:49,995 INFO o.a.j.t.JMeterThread: Stopping: Stress-Test-TG 1-58
2025-04-27 18:44:49,995 INFO o.a.j.t.JMeterThread: Stopping: Stress-Test-TG 1-23
2025-04-27 18:44:49,995 INFO o.a.j.t.JMeterThread: Stopping: Stress-Test-TG 1-51
2025-04-27 18:44:49,995 INFO o.a.j.t.JMeterThread: Stopping: Stress-Test-TG 1-34
2025-04-27 18:44:49,995 INFO o.a.j.t.JMeterThread: Stopping: Stress-Test-TG 1-83
2025-04-27 18:44:49,995 INFO o.a.j.t.JMeterThread: Stopping: Stress-Test-TG 1-43
2025-04-27 18:44:49,995 INFO o.a.j.t.JMeterThread: Stopping: Stress-Test-TG 1-77
2025-04-27 18:44:49,995 INFO o.a.j.t.JMeterThread: Stopping: Stress-Test-TG 1-98
2025-04-27 18:44:49,996 INFO o.a.j.t.JMeterThread: Stopping: Stress-Test-TG 1-96
2025-04-27 18:44:49,996 INFO o.a.j.t.JMeterThread: Stopping: Stress-Test-TG 1-15
2025-04-27 18:44:49,996 INFO o.a.j.t.JMeterThread: Stopping: Stress-Test-TG 1-62
2025-04-27 18:44:49,996 INFO o.a.j.t.JMeterThread: Stopping: Stress-Test-TG 1-92
2025-04-27 18:44:49,996 INFO o.a.j.t.JMeterThread: Stopping: Stress-Test-TG 1-89
2025-04-27 18:44:49,996 INFO o.a.j.t.JMeterThread: Stopping: Stress-Test-TG 1-12
2025-04-27 18:44:49,996 INFO o.a.j.t.JMeterThread: Stopping: Stress-Test-TG 1-88
2025-04-27 18:44:49,996 INFO o.a.j.t.JMeterThread: Stopping: Stress-Test-TG 1-9
2025-04-27 18:44:49,996 INFO o.a.j.t.JMeterThread: Stopping: Stress-Test-TG 1-7
2025-04-27 18:44:49,996 INFO o.a.j.t.JMeterThread: Stopping: Stress-Test-TG 1-31
2025-04-27 18:44:49,996 INFO o.a.j.t.JMeterThread: Stopping: Stress-Test-TG 1-32
2025-04-27 18:44:49,996 INFO o.a.j.t.JMeterThread: Stopping: Stress-Test-TG 1-79
2025-04-27 18:44:49,996 INFO o.a.j.t.JMeterThread: Stopping: Stress-Test-TG 1-46
2025-04-27 18:44:49,996 INFO o.a.j.t.JMeterThread: Stopping: Stress-Test-TG 1-94
2025-04-27 18:44:49,996 INFO o.a.j.t.JMeterThread: Stopping: Stress-Test-TG 1-11
2025-04-27 18:44:49,996 INFO o.a.j.t.JMeterThread: Stopping: Stress-Test-TG 1-100
2025-04-27 18:44:49,996 INFO o.a.j.t.JMeterThread: Stopping: Stress-Test-TG 1-73
2025-04-27 18:44:49,996 INFO o.a.j.t.JMeterThread: Stopping: Stress-Test-TG 1-72
2025-04-27 18:44:49,996 INFO o.a.j.t.JMeterThread: Stopping: Stress-Test-TG 1-33
2025-04-27 18:44:49,996 INFO o.a.j.t.JMeterThread: Stopping: Stress-Test-TG 1-90
2025-04-27 18:44:49,997 INFO o.a.j.t.JMeterThread: Stopping: Stress-Test-TG 1-63
2025-04-27 18:44:49,997 INFO o.a.j.t.JMeterThread: Stopping: Stress-Test-TG 1-78
2025-04-27 18:44:49,997 INFO o.a.j.t.JMeterThread: Stopping: Stress-Test-TG 1-27
2025-04-27 18:44:49,997 INFO o.a.j.t.JMeterThread: Stopping: Stress-Test-TG 1-47
2025-04-27 18:44:49,997 INFO o.a.j.t.JMeterThread: Stopping: Stress-Test-TG 1-80
2025-04-27 18:44:49,997 INFO o.a.j.t.JMeterThread: Stopping: Stress-Test-TG 1-52
2025-04-27 18:44:49,997 INFO o.a.j.t.JMeterThread: Stopping: Stress-Test-TG 1-22
2025-04-27 18:44:49,997 INFO o.a.j.t.JMeterThread: Stopping: Stress-Test-TG 1-42
2025-04-27 18:44:49,997 INFO o.a.j.t.JMeterThread: Stopping: Stress-Test-TG 1-49
2025-04-27 18:44:49,997 INFO o.a.j.t.JMeterThread: Stopping: Stress-Test-TG 1-93
2025-04-27 18:44:49,997 INFO o.a.j.t.JMeterThread: Stopping: Stress-Test-TG 1-70
2025-04-27 18:44:49,997 INFO o.a.j.t.JMeterThread: Stopping: Stress-Test-TG 1-85
2025-04-27 18:44:49,997 INFO o.a.j.t.JMeterThread: Stopping: Stress-Test-TG 1-19
2025-04-27 18:44:49,997 INFO o.a.j.t.JMeterThread: Stopping: Stress-Test-TG 1-25
2025-04-27 18:44:49,997 INFO o.a.j.t.JMeterThread: Stopping: Stress-Test-TG 1-81
2025-04-27 18:44:49,997 INFO o.a.j.t.JMeterThread: Stopping: Stress-Test-TG 1-55
2025-04-27 18:44:49,997 INFO o.a.j.t.JMeterThread: Stopping: Stress-Test-TG 1-91
2025-04-27 18:44:49,997 INFO o.a.j.t.JMeterThread: Stopping: Stress-Test-TG 1-57
2025-04-27 18:44:49,997 INFO o.a.j.t.JMeterThread: Stopping: Stress-Test-TG 1-87
2025-04-27 18:44:49,997 INFO o.a.j.t.JMeterThread: Stopping: Stress-Test-TG 1-38
2025-04-27 18:44:49,997 INFO o.a.j.t.JMeterThread: Stopping: Stress-Test-TG 1-26
2025-04-27 18:44:49,998 INFO o.a.j.t.JMeterThread: Stopping: Stress-Test-TG 1-69
2025-04-27 18:44:49,998 INFO o.a.j.t.JMeterThread: Stopping: Stress-Test-TG 1-95
2025-04-27 18:44:49,998 INFO o.a.j.t.JMeterThread: Stopping: Stress-Test-TG 1-20
2025-04-27 18:44:49,998 INFO o.a.j.t.JMeterThread: Stopping: Stress-Test-TG 1-2
2025-04-27 18:44:49,998 INFO o.a.j.t.JMeterThread: Stopping: Stress-Test-TG 1-24
2025-04-27 18:44:49,998 INFO o.a.j.t.JMeterThread: Stopping: Stress-Test-TG 1-56
2025-04-27 18:44:49,998 INFO o.a.j.t.JMeterThread: Stopping: Stress-Test-TG 1-50
2025-04-27 18:44:49,998 INFO o.a.j.t.JMeterThread: Stopping: Stress-Test-TG 1-71
2025-04-27 18:44:49,998 INFO o.a.j.t.JMeterThread: Stopping: Stress-Test-TG 1-41
2025-04-27 18:44:49,998 INFO o.a.j.t.JMeterThread: Stopping: Stress-Test-TG 1-17
2025-04-27 18:44:49,998 INFO o.a.j.t.JMeterThread: Stopping: Stress-Test-TG 1-65
2025-04-27 18:44:49,998 INFO o.a.j.t.JMeterThread: Stopping: Stress-Test-TG 1-67
2025-04-27 18:44:49,998 INFO o.a.j.t.JMeterThread: Stopping: Stress-Test-TG 1-76
2025-04-27 18:44:49,998 INFO o.a.j.t.JMeterThread: Stopping: Stress-Test-TG 1-74
2025-04-27 18:44:49,998 INFO o.a.j.t.JMeterThread: Stopping: Stress-Test-TG 1-75
2025-04-27 18:44:49,998 INFO o.a.j.t.JMeterThread: Stopping: Stress-Test-TG 1-6
2025-04-27 18:44:49,998 INFO o.a.j.t.JMeterThread: Stopping: Stress-Test-TG 1-13
2025-04-27 18:44:49,998 INFO o.a.j.t.JMeterThread: Stopping: Stress-Test-TG 1-21
2025-04-27 18:44:49,999 INFO o.a.j.t.JMeterThread: Stopping: Stress-Test-TG 1-8
2025-04-27 18:44:49,999 INFO o.a.j.t.JMeterThread: Stopping: Stress-Test-TG 1-82
2025-04-27 18:44:49,999 INFO o.a.j.t.JMeterThread: Stopping: Stress-Test-TG 1-66
2025-04-27 18:44:49,999 INFO o.a.j.t.JMeterThread: Stopping: Stress-Test-TG 1-97
2025-04-27 18:44:49,999 INFO o.a.j.t.JMeterThread: Stopping: Stress-Test-TG 1-10
2025-04-27 18:44:49,999 INFO o.a.j.t.JMeterThread: Stopping: Stress-Test-TG 1-60
2025-04-27 18:44:49,999 INFO o.a.j.t.JMeterThread: Stopping: Stress-Test-TG 1-16
2025-04-27 18:44:49,999 INFO o.a.j.t.JMeterThread: Stopping: Stress-Test-TG 1-45
2025-04-27 18:44:49,999 INFO o.a.j.t.JMeterThread: Stopping: Stress-Test-TG 1-36
2025-04-27 18:44:49,999 INFO o.a.j.t.JMeterThread: Stopping: Stress-Test-TG 1-44
2025-04-27 18:44:49,999 INFO o.a.j.t.JMeterThread: Stopping: Stress-Test-TG 1-35
2025-04-27 18:44:49,999 INFO o.a.j.t.JMeterThread: Stopping: Stress-Test-TG 1-40
2025-04-27 18:44:49,999 INFO o.a.j.t.JMeterThread: Stopping: Stress-Test-TG 1-18
2025-04-27 18:44:49,999 INFO o.a.j.t.JMeterThread: Stopping: Stress-Test-TG 1-86
2025-04-27 18:44:49,999 INFO o.a.j.t.JMeterThread: Stopping: Stress-Test-TG 1-3
2025-04-27 18:44:49,999 INFO o.a.j.t.JMeterThread: Stopping: Stress-Test-TG 1-5
2025-04-27 18:44:49,999 INFO o.a.j.t.JMeterThread: Stopping: Stress-Test-TG 1-54
2025-04-27 18:44:49,999 INFO o.a.j.t.JMeterThread: Stopping: Stress-Test-TG 1-99
2025-04-27 18:44:49,999 INFO o.a.j.t.JMeterThread: Stopping: Stress-Test-TG 1-28
2025-04-27 18:44:49,999 INFO o.a.j.t.JMeterThread: Stopping: Stress-Test-TG 1-59
2025-04-27 18:44:49,999 INFO o.a.j.t.JMeterThread: Stopping: Stress-Test-TG 1-39
2025-04-27 18:44:49,999 INFO o.a.j.t.JMeterThread: Stopping: Stress-Test-TG 1-84
2025-04-27 18:44:50,000 INFO o.a.j.t.JMeterThread: Stopping: Stress-Test-TG 1-4
2025-04-27 18:44:50,000 INFO o.a.j.t.JMeterThread: Stopping: Stress-Test-TG 1-64
2025-04-27 18:44:50,000 INFO o.a.j.t.JMeterThread: Stopping: Stress-Test-TG 1-1
2025-04-27 18:44:50,000 INFO o.a.j.t.JMeterThread: Stopping: Stress-Test-TG 1-37
2025-04-27 18:44:50,000 INFO o.a.j.t.JMeterThread: Stopping: Stress-Test-TG 1-53
2025-04-27 18:44:50,036 INFO o.a.j.t.JMeterThread: Thread started: Stress-Test-TG 1-10
2025-04-27 18:44:50,037 INFO o.a.j.t.JMeterThread: Thread finished: Stress-Test-TG 1-10
2025-04-27 18:44:50,037 INFO o.a.j.t.JMeterThread: Thread finished: Stress-Test-TG 1-7
2025-04-27 18:44:50,041 INFO o.a.j.t.JMeterThread: Thread finished: Stress-Test-TG 1-4
2025-04-27 18:44:50,046 INFO o.a.j.t.JMeterThread: Thread started: Stress-Test-TG 1-11
2025-04-27 18:44:50,047 INFO o.a.j.t.JMeterThread: Thread finished: Stress-Test-TG 1-11
2025-04-27 18:44:50,048 INFO o.a.j.t.JMeterThread: Thread started: Stress-Test-TG 1-12
2025-04-27 18:44:50,048 INFO o.a.j.t.JMeterThread: Thread finished: Stress-Test-TG 1-12
2025-04-27 18:44:50,048 INFO o.a.j.t.JMeterThread: Thread started: Stress-Test-TG 1-13
2025-04-27 18:44:50,049 INFO o.a.j.t.JMeterThread: Thread finished: Stress-Test-TG 1-13
2025-04-27 18:44:50,049 INFO o.a.j.t.JMeterThread: Thread started: Stress-Test-TG 1-14
2025-04-27 18:44:50,050 INFO o.a.j.t.JMeterThread: Thread finished: Stress-Test-TG 1-14
2025-04-27 18:44:50,050 INFO o.a.j.t.JMeterThread: Thread started: Stress-Test-TG 1-15
2025-04-27 18:44:50,051 INFO o.a.j.t.JMeterThread: Thread finished: Stress-Test-TG 1-15
2025-04-27 18:44:50,051 INFO o.a.j.t.JMeterThread: Thread started: Stress-Test-TG 1-16
2025-04-27 18:44:50,052 INFO o.a.j.t.JMeterThread: Thread finished: Stress-Test-TG 1-16
2025-04-27 18:44:50,052 INFO o.a.j.t.JMeterThread: Thread started: Stress-Test-TG 1-17
2025-04-27 18:44:50,052 INFO o.a.j.t.JMeterThread: Thread finished: Stress-Test-TG 1-17
2025-04-27 18:44:50,052 INFO o.a.j.t.JMeterThread: Thread started: Stress-Test-TG 1-18
2025-04-27 18:44:50,053 INFO o.a.j.t.JMeterThread: Thread finished: Stress-Test-TG 1-18
2025-04-27 18:44:50,054 INFO o.a.j.t.JMeterThread: Thread started: Stress-Test-TG 1-19
2025-04-27 18:44:50,054 INFO o.a.j.t.JMeterThread: Thread finished: Stress-Test-TG 1-19
2025-04-27 18:44:50,054 INFO o.a.j.t.JMeterThread: Thread started: Stress-Test-TG 1-20
2025-04-27 18:44:50,055 INFO o.a.j.t.JMeterThread: Thread finished: Stress-Test-TG 1-20
2025-04-27 18:44:50,055 INFO o.a.j.t.JMeterThread: Thread started: Stress-Test-TG 1-21
2025-04-27 18:44:50,057 INFO o.a.j.t.JMeterThread: Thread finished: Stress-Test-TG 1-21
2025-04-27 18:44:50,057 INFO o.a.j.t.JMeterThread: Thread started: Stress-Test-TG 1-22
2025-04-27 18:44:50,057 INFO o.a.j.t.JMeterThread: Thread finished: Stress-Test-TG 1-22
2025-04-27 18:44:50,058 INFO o.a.j.t.JMeterThread: Thread started: Stress-Test-TG 1-23
2025-04-27 18:44:50,058 INFO o.a.j.t.JMeterThread: Thread finished: Stress-Test-TG 1-23
2025-04-27 18:44:50,059 INFO o.a.j.t.JMeterThread: Thread started: Stress-Test-TG 1-24
2025-04-27 18:44:50,059 INFO o.a.j.t.JMeterThread: Thread finished: Stress-Test-TG 1-24
2025-04-27 18:44:50,059 INFO o.a.j.t.JMeterThread: Thread started: Stress-Test-TG 1-25
2025-04-27 18:44:50,060 INFO o.a.j.t.JMeterThread: Thread finished: Stress-Test-TG 1-25
2025-04-27 18:44:50,060 INFO o.a.j.t.JMeterThread: Thread started: Stress-Test-TG 1-26
2025-04-27 18:44:50,060 INFO o.a.j.t.JMeterThread: Thread started: Stress-Test-TG 1-27
2025-04-27 18:44:50,060 INFO o.a.j.t.JMeterThread: Thread finished: Stress-Test-TG 1-26
2025-04-27 18:44:50,060 INFO o.a.j.t.JMeterThread: Thread started: Stress-Test-TG 1-28
2025-04-27 18:44:50,061 INFO o.a.j.t.JMeterThread: Thread finished: Stress-Test-TG 1-27
2025-04-27 18:44:50,061 INFO o.a.j.t.JMeterThread: Thread finished: Stress-Test-TG 1-28
2025-04-27 18:44:50,061 INFO o.a.j.t.JMeterThread: Thread started: Stress-Test-TG 1-29
2025-04-27 18:44:50,061 INFO o.a.j.t.JMeterThread: Thread finished: Stress-Test-TG 1-29
2025-04-27 18:44:50,061 INFO o.a.j.t.JMeterThread: Thread started: Stress-Test-TG 1-30
2025-04-27 18:44:50,061 INFO o.a.j.t.JMeterThread: Thread started: Stress-Test-TG 1-31
2025-04-27 18:44:50,061 INFO o.a.j.t.JMeterThread: Thread finished: Stress-Test-TG 1-30
2025-04-27 18:44:50,061 INFO o.a.j.t.JMeterThread: Thread finished: Stress-Test-TG 1-31
2025-04-27 18:44:50,062 INFO o.a.j.t.JMeterThread: Thread started: Stress-Test-TG 1-32
2025-04-27 18:44:50,062 INFO o.a.j.t.JMeterThread: Thread finished: Stress-Test-TG 1-32
2025-04-27 18:44:50,062 INFO o.a.j.t.JMeterThread: Thread started: Stress-Test-TG 1-33
2025-04-27 18:44:50,062 INFO o.a.j.t.JMeterThread: Thread finished: Stress-Test-TG 1-33
2025-04-27 18:44:50,062 INFO o.a.j.t.JMeterThread: Thread started: Stress-Test-TG 1-34
2025-04-27 18:44:50,063 INFO o.a.j.t.JMeterThread: Thread finished: Stress-Test-TG 1-34
2025-04-27 18:44:50,062 INFO o.a.j.t.JMeterThread: Thread started: Stress-Test-TG 1-35
2025-04-27 18:44:50,063 INFO o.a.j.t.JMeterThread: Thread finished: Stress-Test-TG 1-35
2025-04-27 18:44:50,063 INFO o.a.j.t.JMeterThread: Thread started: Stress-Test-TG 1-36
2025-04-27 18:44:50,063 INFO o.a.j.t.JMeterThread: Thread finished: Stress-Test-TG 1-36
2025-04-27 18:44:50,063 INFO o.a.j.t.JMeterThread: Thread started: Stress-Test-TG 1-37
2025-04-27 18:44:50,064 INFO o.a.j.t.JMeterThread: Thread finished: Stress-Test-TG 1-37
2025-04-27 18:44:50,063 INFO o.a.j.t.JMeterThread: Thread started: Stress-Test-TG 1-38
2025-04-27 18:44:50,064 INFO o.a.j.t.JMeterThread: Thread started: Stress-Test-TG 1-39
2025-04-27 18:44:50,064 INFO o.a.j.t.JMeterThread: Thread finished: Stress-Test-TG 1-38
2025-04-27 18:44:50,064 INFO o.a.j.t.JMeterThread: Thread finished: Stress-Test-TG 1-39
2025-04-27 18:44:50,064 INFO o.a.j.t.JMeterThread: Thread started: Stress-Test-TG 1-40
2025-04-27 18:44:50,064 INFO o.a.j.t.JMeterThread: Thread finished: Stress-Test-TG 1-40
2025-04-27 18:44:50,064 INFO o.a.j.t.JMeterThread: Thread started: Stress-Test-TG 1-41
2025-04-27 18:44:50,064 INFO o.a.j.t.JMeterThread: Thread finished: Stress-Test-TG 1-41
2025-04-27 18:44:50,064 INFO o.a.j.t.JMeterThread: Thread started: Stress-Test-TG 1-42
2025-04-27 18:44:50,065 INFO o.a.j.t.JMeterThread: Thread finished: Stress-Test-TG 1-42
2025-04-27 18:44:50,065 INFO o.a.j.t.JMeterThread: Thread started: Stress-Test-TG 1-43
2025-04-27 18:44:50,065 INFO o.a.j.t.JMeterThread: Thread started: Stress-Test-TG 1-44
2025-04-27 18:44:50,066 INFO o.a.j.t.JMeterThread: Thread finished: Stress-Test-TG 1-43
2025-04-27 18:44:50,066 INFO o.a.j.t.JMeterThread: Thread finished: Stress-Test-TG 1-44
2025-04-27 18:44:50,065 INFO o.a.j.t.JMeterThread: Thread started: Stress-Test-TG 1-45
2025-04-27 18:44:50,066 INFO o.a.j.t.JMeterThread: Thread finished: Stress-Test-TG 1-45
2025-04-27 18:44:50,066 INFO o.a.j.t.JMeterThread: Thread started: Stress-Test-TG 1-46
2025-04-27 18:44:50,066 INFO o.a.j.t.JMeterThread: Thread started: Stress-Test-TG 1-48
2025-04-27 18:44:50,066 INFO o.a.j.t.JMeterThread: Thread finished: Stress-Test-TG 1-46
2025-04-27 18:44:50,067 INFO o.a.j.t.JMeterThread: Thread finished: Stress-Test-TG 1-48
2025-04-27 18:44:50,066 INFO o.a.j.t.JMeterThread: Thread started: Stress-Test-TG 1-49
2025-04-27 18:44:50,067 INFO o.a.j.t.JMeterThread: Thread started: Stress-Test-TG 1-47
2025-04-27 18:44:50,067 INFO o.a.j.t.JMeterThread: Thread finished: Stress-Test-TG 1-49
2025-04-27 18:44:50,067 INFO o.a.j.t.JMeterThread: Thread finished: Stress-Test-TG 1-47
2025-04-27 18:44:50,067 INFO o.a.j.t.JMeterThread: Thread started: Stress-Test-TG 1-50
2025-04-27 18:44:50,067 INFO o.a.j.t.JMeterThread: Thread finished: Stress-Test-TG 1-50
2025-04-27 18:44:50,067 INFO o.a.j.t.JMeterThread: Thread started: Stress-Test-TG 1-51
2025-04-27 18:44:50,067 INFO o.a.j.t.JMeterThread: Thread finished: Stress-Test-TG 1-51
2025-04-27 18:44:50,067 INFO o.a.j.t.JMeterThread: Thread started: Stress-Test-TG 1-52
2025-04-27 18:44:50,068 INFO o.a.j.t.JMeterThread: Thread finished: Stress-Test-TG 1-52
2025-04-27 18:44:50,068 INFO o.a.j.t.JMeterThread: Thread started: Stress-Test-TG 1-53
2025-04-27 18:44:50,068 INFO o.a.j.t.JMeterThread: Thread started: Stress-Test-TG 1-54
2025-04-27 18:44:50,068 INFO o.a.j.t.JMeterThread: Thread finished: Stress-Test-TG 1-53
2025-04-27 18:44:50,068 INFO o.a.j.t.JMeterThread: Thread finished: Stress-Test-TG 1-54
2025-04-27 18:44:50,068 INFO o.a.j.t.JMeterThread: Thread started: Stress-Test-TG 1-55
2025-04-27 18:44:50,068 INFO o.a.j.t.JMeterThread: Thread finished: Stress-Test-TG 1-55
2025-04-27 18:44:50,069 INFO o.a.j.t.JMeterThread: Thread started: Stress-Test-TG 1-56
2025-04-27 18:44:50,069 INFO o.a.j.t.JMeterThread: Thread started: Stress-Test-TG 1-57
2025-04-27 18:44:50,069 INFO o.a.j.t.JMeterThread: Thread finished: Stress-Test-TG 1-56
2025-04-27 18:44:50,069 INFO o.a.j.t.JMeterThread: Thread finished: Stress-Test-TG 1-57
2025-04-27 18:44:50,069 INFO o.a.j.t.JMeterThread: Thread started: Stress-Test-TG 1-58
2025-04-27 18:44:50,069 INFO o.a.j.t.JMeterThread: Thread started: Stress-Test-TG 1-59
2025-04-27 18:44:50,069 INFO o.a.j.t.JMeterThread: Thread finished: Stress-Test-TG 1-58
2025-04-27 18:44:50,069 INFO o.a.j.t.JMeterThread: Thread finished: Stress-Test-TG 1-59
2025-04-27 18:44:50,070 INFO o.a.j.t.JMeterThread: Thread started: Stress-Test-TG 1-60
2025-04-27 18:44:50,070 INFO o.a.j.t.JMeterThread: Thread finished: Stress-Test-TG 1-60
2025-04-27 18:44:50,070 INFO o.a.j.t.JMeterThread: Thread started: Stress-Test-TG 1-61
2025-04-27 18:44:50,070 INFO o.a.j.t.JMeterThread: Thread finished: Stress-Test-TG 1-61
2025-04-27 18:44:50,071 INFO o.a.j.t.JMeterThread: Thread started: Stress-Test-TG 1-62
2025-04-27 18:44:50,071 INFO o.a.j.t.JMeterThread: Thread finished: Stress-Test-TG 1-62
2025-04-27 18:44:50,071 INFO o.a.j.t.JMeterThread: Thread started: Stress-Test-TG 1-63
2025-04-27 18:44:50,072 INFO o.a.j.t.JMeterThread: Thread finished: Stress-Test-TG 1-63
2025-04-27 18:44:50,072 INFO o.a.j.t.JMeterThread: Thread started: Stress-Test-TG 1-64
2025-04-27 18:44:50,072 INFO o.a.j.t.JMeterThread: Thread finished: Stress-Test-TG 1-64
2025-04-27 18:44:50,072 INFO o.a.j.t.JMeterThread: Thread started: Stress-Test-TG 1-65
2025-04-27 18:44:50,072 INFO o.a.j.t.JMeterThread: Thread finished: Stress-Test-TG 1-65
2025-04-27 18:44:50,072 INFO o.a.j.t.JMeterThread: Thread started: Stress-Test-TG 1-66
2025-04-27 18:44:50,073 INFO o.a.j.t.JMeterThread: Thread finished: Stress-Test-TG 1-66
2025-04-27 18:44:50,073 INFO o.a.j.t.JMeterThread: Thread started: Stress-Test-TG 1-67
2025-04-27 18:44:50,074 INFO o.a.j.t.JMeterThread: Thread finished: Stress-Test-TG 1-67
2025-04-27 18:44:50,074 INFO o.a.j.t.JMeterThread: Thread started: Stress-Test-TG 1-69
2025-04-27 18:44:50,074 INFO o.a.j.t.JMeterThread: Thread started: Stress-Test-TG 1-68
2025-04-27 18:44:50,074 INFO o.a.j.t.JMeterThread: Thread finished: Stress-Test-TG 1-69
2025-04-27 18:44:50,074 INFO o.a.j.t.JMeterThread: Thread finished: Stress-Test-TG 1-68
2025-04-27 18:44:50,075 INFO o.a.j.t.JMeterThread: Thread started: Stress-Test-TG 1-70
2025-04-27 18:44:50,075 INFO o.a.j.t.JMeterThread: Thread finished: Stress-Test-TG 1-70
2025-04-27 18:44:50,075 INFO o.a.j.t.JMeterThread: Thread started: Stress-Test-TG 1-71
2025-04-27 18:44:50,076 INFO o.a.j.t.JMeterThread: Thread started: Stress-Test-TG 1-72
2025-04-27 18:44:50,076 INFO o.a.j.t.JMeterThread: Thread finished: Stress-Test-TG 1-71
2025-04-27 18:44:50,076 INFO o.a.j.t.JMeterThread: Thread finished: Stress-Test-TG 1-72
2025-04-27 18:44:50,076 INFO o.a.j.t.JMeterThread: Thread started: Stress-Test-TG 1-73
2025-04-27 18:44:50,076 INFO o.a.j.t.JMeterThread: Thread finished: Stress-Test-TG 1-73
2025-04-27 18:44:50,077 INFO o.a.j.t.JMeterThread: Thread started: Stress-Test-TG 1-74
2025-04-27 18:44:50,077 INFO o.a.j.t.JMeterThread: Thread finished: Stress-Test-TG 1-74
2025-04-27 18:44:50,077 INFO o.a.j.t.JMeterThread: Thread started: Stress-Test-TG 1-75
2025-04-27 18:44:50,077 INFO o.a.j.t.JMeterThread: Thread finished: Stress-Test-TG 1-75
2025-04-27 18:44:50,077 INFO o.a.j.t.JMeterThread: Thread started: Stress-Test-TG 1-76
2025-04-27 18:44:50,078 INFO o.a.j.t.JMeterThread: Thread finished: Stress-Test-TG 1-76
2025-04-27 18:44:50,078 INFO o.a.j.t.JMeterThread: Thread started: Stress-Test-TG 1-77
2025-04-27 18:44:50,078 INFO o.a.j.t.JMeterThread: Thread finished: Stress-Test-TG 1-77
2025-04-27 18:44:50,078 INFO o.a.j.t.JMeterThread: Thread started: Stress-Test-TG 1-78
2025-04-27 18:44:50,079 INFO o.a.j.t.JMeterThread: Thread finished: Stress-Test-TG 1-78
2025-04-27 18:44:50,079 INFO o.a.j.t.JMeterThread: Thread started: Stress-Test-TG 1-79
2025-04-27 18:44:50,079 INFO o.a.j.t.JMeterThread: Thread finished: Stress-Test-TG 1-79
2025-04-27 18:44:50,079 INFO o.a.j.t.JMeterThread: Thread started: Stress-Test-TG 1-80
2025-04-27 18:44:50,079 INFO o.a.j.t.JMeterThread: Thread finished: Stress-Test-TG 1-80
2025-04-27 18:44:50,079 INFO o.a.j.t.JMeterThread: Thread started: Stress-Test-TG 1-81
2025-04-27 18:44:50,080 INFO o.a.j.t.JMeterThread: Thread finished: Stress-Test-TG 1-81
2025-04-27 18:44:50,080 INFO o.a.j.t.JMeterThread: Thread started: Stress-Test-TG 1-82
2025-04-27 18:44:50,080 INFO o.a.j.t.JMeterThread: Thread finished: Stress-Test-TG 1-82
2025-04-27 18:44:50,080 INFO o.a.j.t.JMeterThread: Thread started: Stress-Test-TG 1-83
2025-04-27 18:44:50,081 INFO o.a.j.t.JMeterThread: Thread finished: Stress-Test-TG 1-83
2025-04-27 18:44:50,081 INFO o.a.j.t.JMeterThread: Thread started: Stress-Test-TG 1-84
2025-04-27 18:44:50,081 INFO o.a.j.t.JMeterThread: Thread started: Stress-Test-TG 1-85
2025-04-27 18:44:50,081 INFO o.a.j.t.JMeterThread: Thread finished: Stress-Test-TG 1-84
2025-04-27 18:44:50,082 INFO o.a.j.t.JMeterThread: Thread finished: Stress-Test-TG 1-85
2025-04-27 18:44:50,082 INFO o.a.j.t.JMeterThread: Thread started: Stress-Test-TG 1-86
2025-04-27 18:44:50,082 INFO o.a.j.t.JMeterThread: Thread finished: Stress-Test-TG 1-86
2025-04-27 18:44:50,082 INFO o.a.j.t.JMeterThread: Thread started: Stress-Test-TG 1-87
2025-04-27 18:44:50,083 INFO o.a.j.t.JMeterThread: Thread finished: Stress-Test-TG 1-87
2025-04-27 18:44:50,083 INFO o.a.j.t.JMeterThread: Thread started: Stress-Test-TG 1-88
2025-04-27 18:44:50,084 INFO o.a.j.t.JMeterThread: Thread started: Stress-Test-TG 1-89
2025-04-27 18:44:50,084 INFO o.a.j.t.JMeterThread: Thread finished: Stress-Test-TG 1-88
2025-04-27 18:44:50,084 INFO o.a.j.t.JMeterThread: Thread finished: Stress-Test-TG 1-89
2025-04-27 18:44:50,085 INFO o.a.j.t.JMeterThread: Thread started: Stress-Test-TG 1-90
2025-04-27 18:44:50,085 INFO o.a.j.t.JMeterThread: Thread finished: Stress-Test-TG 1-90
2025-04-27 18:44:50,085 INFO o.a.j.t.JMeterThread: Thread started: Stress-Test-TG 1-91
2025-04-27 18:44:50,085 INFO o.a.j.t.JMeterThread: Thread finished: Stress-Test-TG 1-91
2025-04-27 18:44:50,086 INFO o.a.j.t.JMeterThread: Thread started: Stress-Test-TG 1-92
2025-04-27 18:44:50,086 INFO o.a.j.t.JMeterThread: Thread finished: Stress-Test-TG 1-92
2025-04-27 18:44:50,086 INFO o.a.j.t.JMeterThread: Thread started: Stress-Test-TG 1-93
2025-04-27 18:44:50,087 INFO o.a.j.t.JMeterThread: Thread finished: Stress-Test-TG 1-93
2025-04-27 18:44:50,087 INFO o.a.j.t.JMeterThread: Thread started: Stress-Test-TG 1-94
2025-04-27 18:44:50,087 INFO o.a.j.t.JMeterThread: Thread finished: Stress-Test-TG 1-94
2025-04-27 18:44:50,087 INFO o.a.j.t.JMeterThread: Thread started: Stress-Test-TG 1-95
2025-04-27 18:44:50,088 INFO o.a.j.t.JMeterThread: Thread finished: Stress-Test-TG 1-95
2025-04-27 18:44:50,088 INFO o.a.j.t.JMeterThread: Thread started: Stress-Test-TG 1-96
2025-04-27 18:44:50,088 INFO o.a.j.t.JMeterThread: Thread started: Stress-Test-TG 1-97
2025-04-27 18:44:50,089 INFO o.a.j.t.JMeterThread: Thread finished: Stress-Test-TG 1-96
2025-04-27 18:44:50,089 INFO o.a.j.t.JMeterThread: Thread finished: Stress-Test-TG 1-97
2025-04-27 18:44:50,090 INFO o.a.j.t.JMeterThread: Thread started: Stress-Test-TG 1-98
2025-04-27 18:44:50,090 INFO o.a.j.t.JMeterThread: Thread started: Stress-Test-TG 1-99
2025-04-27 18:44:50,090 INFO o.a.j.t.JMeterThread: Thread finished: Stress-Test-TG 1-98
2025-04-27 18:44:50,091 INFO o.a.j.t.JMeterThread: Thread finished: Stress-Test-TG 1-99
2025-04-27 18:44:50,091 INFO o.a.j.t.JMeterThread: Thread started: Stress-Test-TG 1-100
2025-04-27 18:44:50,092 INFO o.a.j.t.JMeterThread: Thread finished: Stress-Test-TG 1-100
2025-04-27 18:44:50,184 INFO o.a.j.t.JMeterThread: Thread finished: Stress-Test-TG 1-1
2025-04-27 18:44:51,037 INFO o.a.j.t.JMeterThread: Thread finished: Stress-Test-TG 1-8
2025-04-27 18:44:51,042 INFO o.a.j.t.JMeterThread: Thread finished: Stress-Test-TG 1-5
2025-04-27 18:44:51,053 INFO o.a.j.t.JMeterThread: Thread finished: Stress-Test-TG 1-2
2025-04-27 18:44:52,038 INFO o.a.j.t.JMeterThread: Thread finished: Stress-Test-TG 1-9
2025-04-27 18:44:52,041 INFO o.a.j.t.JMeterThread: Thread finished: Stress-Test-TG 1-6
2025-04-27 18:44:52,051 INFO o.a.j.t.JMeterThread: Thread finished: Stress-Test-TG 1-3
2025-04-27 18:44:52,052 INFO o.a.j.e.StandardJMeterEngine: Notifying test listeners of end of test
2025-04-27 18:44:52,052 INFO o.a.j.g.u.JMeterMenuBar: setRunning(false, *local*)
2025-04-27 18:45:12,065 INFO o.a.j.e.StandardJMeterEngine: Running the test!
2025-04-27 18:45:12,066 INFO o.a.j.s.SampleEvent: List of sample_variables: []
2025-04-27 18:45:12,066 INFO o.a.j.g.u.JMeterMenuBar: setRunning(true, *local*)
2025-04-27 18:45:12,101 INFO o.a.j.e.StandardJMeterEngine: Starting ThreadGroup: 1 : Stress-Test-TG
2025-04-27 18:45:12,102 INFO o.a.j.e.StandardJMeterEngine: Starting 100 threads for group Stress-Test-TG.
2025-04-27 18:45:12,102 INFO o.a.j.e.StandardJMeterEngine: Thread will continue on error
2025-04-27 18:45:12,102 INFO o.a.j.t.ThreadGroup: Starting thread group... number=1 threads=100 ramp-up=100 delayedStart=false
2025-04-27 18:45:12,103 INFO o.a.j.t.JMeterThread: Thread started: Stress-Test-TG 1-1
2025-04-27 18:45:12,126 INFO o.a.j.t.ThreadGroup: Started thread group number 1
2025-04-27 18:45:12,126 INFO o.a.j.e.StandardJMeterEngine: All thread groups have been started
2025-04-27 18:45:13,103 INFO o.a.j.t.JMeterThread: Thread started: Stress-Test-TG 1-2
2025-04-27 18:45:14,102 INFO o.a.j.t.JMeterThread: Thread started: Stress-Test-TG 1-3
2025-04-27 18:45:15,103 INFO o.a.j.t.JMeterThread: Thread started: Stress-Test-TG 1-4
2025-04-27 18:45:16,102 INFO o.a.j.t.JMeterThread: Thread started: Stress-Test-TG 1-5
2025-04-27 18:45:17,103 INFO o.a.j.t.JMeterThread: Thread started: Stress-Test-TG 1-6
2025-04-27 18:45:18,103 INFO o.a.j.t.JMeterThread: Thread started: Stress-Test-TG 1-7
2025-04-27 18:45:19,065 INFO o.a.j.g.a.Start: Shutting test down
2025-04-27 18:45:19,068 INFO o.a.j.t.JMeterThread: Stopping: Stress-Test-TG 1-60
2025-04-27 18:45:19,068 INFO o.a.j.t.JMeterThread: Stopping: Stress-Test-TG 1-70
2025-04-27 18:45:19,069 INFO o.a.j.t.JMeterThread: Stopping: Stress-Test-TG 1-73
2025-04-27 18:45:19,069 INFO o.a.j.t.JMeterThread: Stopping: Stress-Test-TG 1-85
2025-04-27 18:45:19,069 INFO o.a.j.t.JMeterThread: Stopping: Stress-Test-TG 1-13
2025-04-27 18:45:19,069 INFO o.a.j.t.JMeterThread: Stopping: Stress-Test-TG 1-4
2025-04-27 18:45:19,069 INFO o.a.j.t.JMeterThread: Stopping: Stress-Test-TG 1-41
2025-04-27 18:45:19,069 INFO o.a.j.t.JMeterThread: Stopping: Stress-Test-TG 1-52
2025-04-27 18:45:19,069 INFO o.a.j.t.JMeterThread: Stopping: Stress-Test-TG 1-62
2025-04-27 18:45:19,069 INFO o.a.j.t.JMeterThread: Stopping: Stress-Test-TG 1-79
2025-04-27 18:45:19,069 INFO o.a.j.t.JMeterThread: Stopping: Stress-Test-TG 1-96
2025-04-27 18:45:19,069 INFO o.a.j.t.JMeterThread: Stopping: Stress-Test-TG 1-99
2025-04-27 18:45:19,069 INFO o.a.j.t.JMeterThread: Stopping: Stress-Test-TG 1-83
2025-04-27 18:45:19,069 INFO o.a.j.t.JMeterThread: Stopping: Stress-Test-TG 1-78
2025-04-27 18:45:19,069 INFO o.a.j.t.JMeterThread: Stopping: Stress-Test-TG 1-80
2025-04-27 18:45:19,069 INFO o.a.j.t.JMeterThread: Stopping: Stress-Test-TG 1-65
2025-04-27 18:45:19,069 INFO o.a.j.t.JMeterThread: Stopping: Stress-Test-TG 1-42
2025-04-27 18:45:19,069 INFO o.a.j.t.JMeterThread: Stopping: Stress-Test-TG 1-44
2025-04-27 18:45:19,069 INFO o.a.j.t.JMeterThread: Stopping: Stress-Test-TG 1-91
2025-04-27 18:45:19,069 INFO o.a.j.t.JMeterThread: Stopping: Stress-Test-TG 1-38
2025-04-27 18:45:19,069 INFO o.a.j.t.JMeterThread: Stopping: Stress-Test-TG 1-20
2025-04-27 18:45:19,069 INFO o.a.j.t.JMeterThread: Stopping: Stress-Test-TG 1-69
2025-04-27 18:45:19,069 INFO o.a.j.t.JMeterThread: Stopping: Stress-Test-TG 1-29
2025-04-27 18:45:19,069 INFO o.a.j.t.JMeterThread: Stopping: Stress-Test-TG 1-16
2025-04-27 18:45:19,069 INFO o.a.j.t.JMeterThread: Stopping: Stress-Test-TG 1-63
2025-04-27 18:45:19,069 INFO o.a.j.t.JMeterThread: Stopping: Stress-Test-TG 1-5
2025-04-27 18:45:19,069 INFO o.a.j.t.JMeterThread: Stopping: Stress-Test-TG 1-35
2025-04-27 18:45:19,070 INFO o.a.j.t.JMeterThread: Stopping: Stress-Test-TG 1-76
2025-04-27 18:45:19,070 INFO o.a.j.t.JMeterThread: Stopping: Stress-Test-TG 1-95
2025-04-27 18:45:19,070 INFO o.a.j.t.JMeterThread: Stopping: Stress-Test-TG 1-75
2025-04-27 18:45:19,070 INFO o.a.j.t.JMeterThread: Stopping: Stress-Test-TG 1-3
2025-04-27 18:45:19,070 INFO o.a.j.t.JMeterThread: Stopping: Stress-Test-TG 1-49
2025-04-27 18:45:19,070 INFO o.a.j.t.JMeterThread: Stopping: Stress-Test-TG 1-71
2025-04-27 18:45:19,070 INFO o.a.j.t.JMeterThread: Stopping: Stress-Test-TG 1-77
2025-04-27 18:45:19,070 INFO o.a.j.t.JMeterThread: Stopping: Stress-Test-TG 1-2
2025-04-27 18:45:19,070 INFO o.a.j.t.JMeterThread: Stopping: Stress-Test-TG 1-53
2025-04-27 18:45:19,070 INFO o.a.j.t.JMeterThread: Stopping: Stress-Test-TG 1-28
2025-04-27 18:45:19,070 INFO o.a.j.t.JMeterThread: Stopping: Stress-Test-TG 1-22
2025-04-27 18:45:19,070 INFO o.a.j.t.JMeterThread: Stopping: Stress-Test-TG 1-7
2025-04-27 18:45:19,070 INFO o.a.j.t.JMeterThread: Stopping: Stress-Test-TG 1-58
2025-04-27 18:45:19,070 INFO o.a.j.t.JMeterThread: Stopping: Stress-Test-TG 1-82
2025-04-27 18:45:19,070 INFO o.a.j.t.JMeterThread: Stopping: Stress-Test-TG 1-56
2025-04-27 18:45:19,070 INFO o.a.j.t.JMeterThread: Stopping: Stress-Test-TG 1-57
2025-04-27 18:45:19,070 INFO o.a.j.t.JMeterThread: Stopping: Stress-Test-TG 1-90
2025-04-27 18:45:19,070 INFO o.a.j.t.JMeterThread: Stopping: Stress-Test-TG 1-98
2025-04-27 18:45:19,070 INFO o.a.j.t.JMeterThread: Stopping: Stress-Test-TG 1-84
2025-04-27 18:45:19,070 INFO o.a.j.t.JMeterThread: Stopping: Stress-Test-TG 1-45
2025-04-27 18:45:19,070 INFO o.a.j.t.JMeterThread: Stopping: Stress-Test-TG 1-1
2025-04-27 18:45:19,070 INFO o.a.j.t.JMeterThread: Stopping: Stress-Test-TG 1-97
2025-04-27 18:45:19,070 INFO o.a.j.t.JMeterThread: Stopping: Stress-Test-TG 1-68
2025-04-27 18:45:19,070 INFO o.a.j.t.JMeterThread: Stopping: Stress-Test-TG 1-26
2025-04-27 18:45:19,070 INFO o.a.j.t.JMeterThread: Stopping: Stress-Test-TG 1-25
2025-04-27 18:45:19,070 INFO o.a.j.t.JMeterThread: Stopping: Stress-Test-TG 1-50
2025-04-27 18:45:19,070 INFO o.a.j.t.JMeterThread: Stopping: Stress-Test-TG 1-23
2025-04-27 18:45:19,070 INFO o.a.j.t.JMeterThread: Stopping: Stress-Test-TG 1-86
2025-04-27 18:45:19,071 INFO o.a.j.t.JMeterThread: Stopping: Stress-Test-TG 1-30
2025-04-27 18:45:19,071 INFO o.a.j.t.JMeterThread: Stopping: Stress-Test-TG 1-17
2025-04-27 18:45:19,071 INFO o.a.j.t.JMeterThread: Stopping: Stress-Test-TG 1-27
2025-04-27 18:45:19,071 INFO o.a.j.t.JMeterThread: Stopping: Stress-Test-TG 1-32
2025-04-27 18:45:19,071 INFO o.a.j.t.JMeterThread: Stopping: Stress-Test-TG 1-88
2025-04-27 18:45:19,071 INFO o.a.j.t.JMeterThread: Stopping: Stress-Test-TG 1-18
2025-04-27 18:45:19,071 INFO o.a.j.t.JMeterThread: Stopping: Stress-Test-TG 1-33
2025-04-27 18:45:19,071 INFO o.a.j.t.JMeterThread: Stopping: Stress-Test-TG 1-89
2025-04-27 18:45:19,071 INFO o.a.j.t.JMeterThread: Stopping: Stress-Test-TG 1-55
2025-04-27 18:45:19,071 INFO o.a.j.t.JMeterThread: Stopping: Stress-Test-TG 1-14
2025-04-27 18:45:19,071 INFO o.a.j.t.JMeterThread: Stopping: Stress-Test-TG 1-6
2025-04-27 18:45:19,071 INFO o.a.j.t.JMeterThread: Stopping: Stress-Test-TG 1-40
2025-04-27 18:45:19,071 INFO o.a.j.t.JMeterThread: Stopping: Stress-Test-TG 1-43
2025-04-27 18:45:19,071 INFO o.a.j.t.JMeterThread: Stopping: Stress-Test-TG 1-92
2025-04-27 18:45:19,071 INFO o.a.j.t.JMeterThread: Stopping: Stress-Test-TG 1-15
2025-04-27 18:45:19,071 INFO o.a.j.t.JMeterThread: Stopping: Stress-Test-TG 1-47
2025-04-27 18:45:19,071 INFO o.a.j.t.JMeterThread: Stopping: Stress-Test-TG 1-54
2025-04-27 18:45:19,071 INFO o.a.j.t.JMeterThread: Stopping: Stress-Test-TG 1-81
2025-04-27 18:45:19,071 INFO o.a.j.t.JMeterThread: Stopping: Stress-Test-TG 1-34
2025-04-27 18:45:19,071 INFO o.a.j.t.JMeterThread: Stopping: Stress-Test-TG 1-36
2025-04-27 18:45:19,071 INFO o.a.j.t.JMeterThread: Stopping: Stress-Test-TG 1-9
2025-04-27 18:45:19,071 INFO o.a.j.t.JMeterThread: Stopping: Stress-Test-TG 1-64
2025-04-27 18:45:19,071 INFO o.a.j.t.JMeterThread: Stopping: Stress-Test-TG 1-48
2025-04-27 18:45:19,071 INFO o.a.j.t.JMeterThread: Stopping: Stress-Test-TG 1-10
2025-04-27 18:45:19,071 INFO o.a.j.t.JMeterThread: Stopping: Stress-Test-TG 1-61
2025-04-27 18:45:19,071 INFO o.a.j.t.JMeterThread: Stopping: Stress-Test-TG 1-11
2025-04-27 18:45:19,071 INFO o.a.j.t.JMeterThread: Stopping: Stress-Test-TG 1-46
2025-04-27 18:45:19,071 INFO o.a.j.t.JMeterThread: Stopping: Stress-Test-TG 1-100
2025-04-27 18:45:19,072 INFO o.a.j.t.JMeterThread: Stopping: Stress-Test-TG 1-8
2025-04-27 18:45:19,072 INFO o.a.j.t.JMeterThread: Stopping: Stress-Test-TG 1-72
2025-04-27 18:45:19,072 INFO o.a.j.t.JMeterThread: Stopping: Stress-Test-TG 1-87
2025-04-27 18:45:19,072 INFO o.a.j.t.JMeterThread: Stopping: Stress-Test-TG 1-93
2025-04-27 18:45:19,072 INFO o.a.j.t.JMeterThread: Stopping: Stress-Test-TG 1-94
2025-04-27 18:45:19,072 INFO o.a.j.t.JMeterThread: Stopping: Stress-Test-TG 1-37
2025-04-27 18:45:19,072 INFO o.a.j.t.JMeterThread: Stopping: Stress-Test-TG 1-66
2025-04-27 18:45:19,072 INFO o.a.j.t.JMeterThread: Stopping: Stress-Test-TG 1-59
2025-04-27 18:45:19,072 INFO o.a.j.t.JMeterThread: Stopping: Stress-Test-TG 1-51
2025-04-27 18:45:19,072 INFO o.a.j.t.JMeterThread: Stopping: Stress-Test-TG 1-39
2025-04-27 18:45:19,072 INFO o.a.j.t.JMeterThread: Stopping: Stress-Test-TG 1-24
2025-04-27 18:45:19,072 INFO o.a.j.t.JMeterThread: Stopping: Stress-Test-TG 1-19
2025-04-27 18:45:19,072 INFO o.a.j.t.JMeterThread: Stopping: Stress-Test-TG 1-21
2025-04-27 18:45:19,072 INFO o.a.j.t.JMeterThread: Stopping: Stress-Test-TG 1-31
2025-04-27 18:45:19,072 INFO o.a.j.t.JMeterThread: Stopping: Stress-Test-TG 1-74
2025-04-27 18:45:19,072 INFO o.a.j.t.JMeterThread: Stopping: Stress-Test-TG 1-12
2025-04-27 18:45:19,072 INFO o.a.j.t.JMeterThread: Stopping: Stress-Test-TG 1-67
2025-04-27 18:45:19,102 INFO o.a.j.t.JMeterThread: Thread started: Stress-Test-TG 1-8
2025-04-27 18:45:19,103 INFO o.a.j.t.JMeterThread: Thread finished: Stress-Test-TG 1-5
2025-04-27 18:45:19,103 INFO o.a.j.t.JMeterThread: Thread finished: Stress-Test-TG 1-8
2025-04-27 18:45:19,105 INFO o.a.j.t.JMeterThread: Thread started: Stress-Test-TG 1-11
2025-04-27 18:45:19,105 INFO o.a.j.t.JMeterThread: Thread started: Stress-Test-TG 1-10
2025-04-27 18:45:19,105 INFO o.a.j.t.JMeterThread: Thread started: Stress-Test-TG 1-12
2025-04-27 18:45:19,106 INFO o.a.j.t.JMeterThread: Thread finished: Stress-Test-TG 1-10
2025-04-27 18:45:19,106 INFO o.a.j.t.JMeterThread: Thread finished: Stress-Test-TG 1-11
2025-04-27 18:45:19,106 INFO o.a.j.t.JMeterThread: Thread finished: Stress-Test-TG 1-12
2025-04-27 18:45:19,106 INFO o.a.j.t.JMeterThread: Thread started: Stress-Test-TG 1-15
2025-04-27 18:45:19,106 INFO o.a.j.t.JMeterThread: Thread finished: Stress-Test-TG 1-15
2025-04-27 18:45:19,106 INFO o.a.j.t.JMeterThread: Thread started: Stress-Test-TG 1-17
2025-04-27 18:45:19,106 INFO o.a.j.t.JMeterThread: Thread started: Stress-Test-TG 1-13
2025-04-27 18:45:19,105 INFO o.a.j.t.JMeterThread: Thread started: Stress-Test-TG 1-9
2025-04-27 18:45:19,106 INFO o.a.j.t.JMeterThread: Thread started: Stress-Test-TG 1-14
2025-04-27 18:45:19,106 INFO o.a.j.t.JMeterThread: Thread finished: Stress-Test-TG 1-17
2025-04-27 18:45:19,106 INFO o.a.j.t.JMeterThread: Thread finished: Stress-Test-TG 1-13
2025-04-27 18:45:19,106 INFO o.a.j.t.JMeterThread: Thread finished: Stress-Test-TG 1-9
2025-04-27 18:45:19,106 INFO o.a.j.t.JMeterThread: Thread finished: Stress-Test-TG 1-14
2025-04-27 18:45:19,106 INFO o.a.j.t.JMeterThread: Thread started: Stress-Test-TG 1-16
2025-04-27 18:45:19,106 INFO o.a.j.t.JMeterThread: Thread finished: Stress-Test-TG 1-16
2025-04-27 18:45:19,106 INFO o.a.j.t.JMeterThread: Thread started: Stress-Test-TG 1-18
2025-04-27 18:45:19,106 INFO o.a.j.t.JMeterThread: Thread finished: Stress-Test-TG 1-18
2025-04-27 18:45:19,106 INFO o.a.j.t.JMeterThread: Thread started: Stress-Test-TG 1-20
2025-04-27 18:45:19,106 INFO o.a.j.t.JMeterThread: Thread started: Stress-Test-TG 1-19
2025-04-27 18:45:19,107 INFO o.a.j.t.JMeterThread: Thread finished: Stress-Test-TG 1-19
2025-04-27 18:45:19,107 INFO o.a.j.t.JMeterThread: Thread finished: Stress-Test-TG 1-20
2025-04-27 18:45:19,107 INFO o.a.j.t.JMeterThread: Thread started: Stress-Test-TG 1-21
2025-04-27 18:45:19,108 INFO o.a.j.t.JMeterThread: Thread started: Stress-Test-TG 1-22
2025-04-27 18:45:19,108 INFO o.a.j.t.JMeterThread: Thread finished: Stress-Test-TG 1-21
2025-04-27 18:45:19,108 INFO o.a.j.t.JMeterThread: Thread finished: Stress-Test-TG 1-22
2025-04-27 18:45:19,108 INFO o.a.j.t.JMeterThread: Thread started: Stress-Test-TG 1-23
2025-04-27 18:45:19,108 INFO o.a.j.t.JMeterThread: Thread finished: Stress-Test-TG 1-23
2025-04-27 18:45:19,108 INFO o.a.j.t.JMeterThread: Thread started: Stress-Test-TG 1-24
2025-04-27 18:45:19,108 INFO o.a.j.t.JMeterThread: Thread finished: Stress-Test-TG 1-24
2025-04-27 18:45:19,108 INFO o.a.j.t.JMeterThread: Thread started: Stress-Test-TG 1-25
2025-04-27 18:45:19,108 INFO o.a.j.t.JMeterThread: Thread started: Stress-Test-TG 1-26
2025-04-27 18:45:19,108 INFO o.a.j.t.JMeterThread: Thread finished: Stress-Test-TG 1-25
2025-04-27 18:45:19,108 INFO o.a.j.t.JMeterThread: Thread finished: Stress-Test-TG 1-26
2025-04-27 18:45:19,108 INFO o.a.j.t.JMeterThread: Thread started: Stress-Test-TG 1-27
2025-04-27 18:45:19,108 INFO o.a.j.t.JMeterThread: Thread started: Stress-Test-TG 1-28
2025-04-27 18:45:19,109 INFO o.a.j.t.JMeterThread: Thread finished: Stress-Test-TG 1-27
2025-04-27 18:45:19,109 INFO o.a.j.t.JMeterThread: Thread finished: Stress-Test-TG 1-28
2025-04-27 18:45:19,109 INFO o.a.j.t.JMeterThread: Thread started: Stress-Test-TG 1-29
2025-04-27 18:45:19,109 INFO o.a.j.t.JMeterThread: Thread finished: Stress-Test-TG 1-29
2025-04-27 18:45:19,109 INFO o.a.j.t.JMeterThread: Thread started: Stress-Test-TG 1-30
2025-04-27 18:45:19,109 INFO o.a.j.t.JMeterThread: Thread started: Stress-Test-TG 1-31
2025-04-27 18:45:19,109 INFO o.a.j.t.JMeterThread: Thread finished: Stress-Test-TG 1-30
2025-04-27 18:45:19,109 INFO o.a.j.t.JMeterThread: Thread finished: Stress-Test-TG 1-31
2025-04-27 18:45:19,109 INFO o.a.j.t.JMeterThread: Thread started: Stress-Test-TG 1-32
2025-04-27 18:45:19,109 INFO o.a.j.t.JMeterThread: Thread started: Stress-Test-TG 1-33
2025-04-27 18:45:19,109 INFO o.a.j.t.JMeterThread: Thread finished: Stress-Test-TG 1-32
2025-04-27 18:45:19,109 INFO o.a.j.t.JMeterThread: Thread finished: Stress-Test-TG 1-2
2025-04-27 18:45:19,110 INFO o.a.j.t.JMeterThread: Thread started: Stress-Test-TG 1-36
2025-04-27 18:45:19,110 INFO o.a.j.t.JMeterThread: Thread started: Stress-Test-TG 1-35
2025-04-27 18:45:19,110 INFO o.a.j.t.JMeterThread: Thread started: Stress-Test-TG 1-37
2025-04-27 18:45:19,109 INFO o.a.j.t.JMeterThread: Thread started: Stress-Test-TG 1-34
2025-04-27 18:45:19,109 INFO o.a.j.t.JMeterThread: Thread finished: Stress-Test-TG 1-33
2025-04-27 18:45:19,110 INFO o.a.j.t.JMeterThread: Thread finished: Stress-Test-TG 1-36
2025-04-27 18:45:19,110 INFO o.a.j.t.JMeterThread: Thread finished: Stress-Test-TG 1-35
2025-04-27 18:45:19,110 INFO o.a.j.t.JMeterThread: Thread finished: Stress-Test-TG 1-37
2025-04-27 18:45:19,110 INFO o.a.j.t.JMeterThread: Thread finished: Stress-Test-TG 1-34
2025-04-27 18:45:19,111 INFO o.a.j.t.JMeterThread: Thread started: Stress-Test-TG 1-38
2025-04-27 18:45:19,111 INFO o.a.j.t.JMeterThread: Thread started: Stress-Test-TG 1-39
2025-04-27 18:45:19,111 INFO o.a.j.t.JMeterThread: Thread finished: Stress-Test-TG 1-38
2025-04-27 18:45:19,111 INFO o.a.j.t.JMeterThread: Thread finished: Stress-Test-TG 1-39
2025-04-27 18:45:19,112 INFO o.a.j.t.JMeterThread: Thread started: Stress-Test-TG 1-40
2025-04-27 18:45:19,112 INFO o.a.j.t.JMeterThread: Thread started: Stress-Test-TG 1-41
2025-04-27 18:45:19,112 INFO o.a.j.t.JMeterThread: Thread finished: Stress-Test-TG 1-40
2025-04-27 18:45:19,112 INFO o.a.j.t.JMeterThread: Thread finished: Stress-Test-TG 1-41
2025-04-27 18:45:19,112 INFO o.a.j.t.JMeterThread: Thread started: Stress-Test-TG 1-42
2025-04-27 18:45:19,112 INFO o.a.j.t.JMeterThread: Thread started: Stress-Test-TG 1-43
2025-04-27 18:45:19,112 INFO o.a.j.t.JMeterThread: Thread finished: Stress-Test-TG 1-42
2025-04-27 18:45:19,112 INFO o.a.j.t.JMeterThread: Thread started: Stress-Test-TG 1-44
2025-04-27 18:45:19,112 INFO o.a.j.t.JMeterThread: Thread finished: Stress-Test-TG 1-43
2025-04-27 18:45:19,113 INFO o.a.j.t.JMeterThread: Thread finished: Stress-Test-TG 1-44
2025-04-27 18:45:19,113 INFO o.a.j.t.JMeterThread: Thread started: Stress-Test-TG 1-45
2025-04-27 18:45:19,113 INFO o.a.j.t.JMeterThread: Thread finished: Stress-Test-TG 1-45
2025-04-27 18:45:19,113 INFO o.a.j.t.JMeterThread: Thread started: Stress-Test-TG 1-46
2025-04-27 18:45:19,113 INFO o.a.j.t.JMeterThread: Thread finished: Stress-Test-TG 1-46
2025-04-27 18:45:19,113 INFO o.a.j.t.JMeterThread: Thread started: Stress-Test-TG 1-47
2025-04-27 18:45:19,114 INFO o.a.j.t.JMeterThread: Thread started: Stress-Test-TG 1-48
2025-04-27 18:45:19,114 INFO o.a.j.t.JMeterThread: Thread finished: Stress-Test-TG 1-47
2025-04-27 18:45:19,114 INFO o.a.j.t.JMeterThread: Thread finished: Stress-Test-TG 1-48
2025-04-27 18:45:19,114 INFO o.a.j.t.JMeterThread: Thread started: Stress-Test-TG 1-49
2025-04-27 18:45:19,114 INFO o.a.j.t.JMeterThread: Thread finished: Stress-Test-TG 1-49
2025-04-27 18:45:19,114 INFO o.a.j.t.JMeterThread: Thread started: Stress-Test-TG 1-50
2025-04-27 18:45:19,115 INFO o.a.j.t.JMeterThread: Thread finished: Stress-Test-TG 1-50
2025-04-27 18:45:19,115 INFO o.a.j.t.JMeterThread: Thread started: Stress-Test-TG 1-51
2025-04-27 18:45:19,115 INFO o.a.j.t.JMeterThread: Thread finished: Stress-Test-TG 1-51
2025-04-27 18:45:19,115 INFO o.a.j.t.JMeterThread: Thread started: Stress-Test-TG 1-53
2025-04-27 18:45:19,115 INFO o.a.j.t.JMeterThread: Thread started: Stress-Test-TG 1-52
2025-04-27 18:45:19,115 INFO o.a.j.t.JMeterThread: Thread finished: Stress-Test-TG 1-52
2025-04-27 18:45:19,115 INFO o.a.j.t.JMeterThread: Thread finished: Stress-Test-TG 1-53
2025-04-27 18:45:19,116 INFO o.a.j.t.JMeterThread: Thread started: Stress-Test-TG 1-54
2025-04-27 18:45:19,116 INFO o.a.j.t.JMeterThread: Thread finished: Stress-Test-TG 1-54
2025-04-27 18:45:19,116 INFO o.a.j.t.JMeterThread: Thread started: Stress-Test-TG 1-55
2025-04-27 18:45:19,116 INFO o.a.j.t.JMeterThread: Thread started: Stress-Test-TG 1-56
2025-04-27 18:45:19,116 INFO o.a.j.t.JMeterThread: Thread finished: Stress-Test-TG 1-56
2025-04-27 18:45:19,116 INFO o.a.j.t.JMeterThread: Thread finished: Stress-Test-TG 1-55
2025-04-27 18:45:19,116 INFO o.a.j.t.JMeterThread: Thread started: Stress-Test-TG 1-57
2025-04-27 18:45:19,116 INFO o.a.j.t.JMeterThread: Thread started: Stress-Test-TG 1-58
2025-04-27 18:45:19,116 INFO o.a.j.t.JMeterThread: Thread finished: Stress-Test-TG 1-57
2025-04-27 18:45:19,116 INFO o.a.j.t.JMeterThread: Thread started: Stress-Test-TG 1-59
2025-04-27 18:45:19,117 INFO o.a.j.t.JMeterThread: Thread finished: Stress-Test-TG 1-58
2025-04-27 18:45:19,117 INFO o.a.j.t.JMeterThread: Thread finished: Stress-Test-TG 1-59
2025-04-27 18:45:19,117 INFO o.a.j.t.JMeterThread: Thread started: Stress-Test-TG 1-60
2025-04-27 18:45:19,117 INFO o.a.j.t.JMeterThread: Thread finished: Stress-Test-TG 1-60
2025-04-27 18:45:19,117 INFO o.a.j.t.JMeterThread: Thread started: Stress-Test-TG 1-61
2025-04-27 18:45:19,118 INFO o.a.j.t.JMeterThread: Thread started: Stress-Test-TG 1-62
2025-04-27 18:45:19,118 INFO o.a.j.t.JMeterThread: Thread started: Stress-Test-TG 1-63
2025-04-27 18:45:19,118 INFO o.a.j.t.JMeterThread: Thread finished: Stress-Test-TG 1-62
2025-04-27 18:45:19,118 INFO o.a.j.t.JMeterThread: Thread finished: Stress-Test-TG 1-61
2025-04-27 18:45:19,118 INFO o.a.j.t.JMeterThread: Thread finished: Stress-Test-TG 1-63
2025-04-27 18:45:19,118 INFO o.a.j.t.JMeterThread: Thread started: Stress-Test-TG 1-64
2025-04-27 18:45:19,118 INFO o.a.j.t.JMeterThread: Thread finished: Stress-Test-TG 1-64
2025-04-27 18:45:19,118 INFO o.a.j.t.JMeterThread: Thread started: Stress-Test-TG 1-65
2025-04-27 18:45:19,119 INFO o.a.j.t.JMeterThread: Thread finished: Stress-Test-TG 1-65
2025-04-27 18:45:19,119 INFO o.a.j.t.JMeterThread: Thread started: Stress-Test-TG 1-66
2025-04-27 18:45:19,119 INFO o.a.j.t.JMeterThread: Thread started: Stress-Test-TG 1-67
2025-04-27 18:45:19,119 INFO o.a.j.t.JMeterThread: Thread finished: Stress-Test-TG 1-67
2025-04-27 18:45:19,119 INFO o.a.j.t.JMeterThread: Thread finished: Stress-Test-TG 1-66
2025-04-27 18:45:19,119 INFO o.a.j.t.JMeterThread: Thread started: Stress-Test-TG 1-68
2025-04-27 18:45:19,119 INFO o.a.j.t.JMeterThread: Thread finished: Stress-Test-TG 1-68
2025-04-27 18:45:19,119 INFO o.a.j.t.JMeterThread: Thread started: Stress-Test-TG 1-69
2025-04-27 18:45:19,119 INFO o.a.j.t.JMeterThread: Thread started: Stress-Test-TG 1-70
2025-04-27 18:45:19,120 INFO o.a.j.t.JMeterThread: Thread finished: Stress-Test-TG 1-69
2025-04-27 18:45:19,120 INFO o.a.j.t.JMeterThread: Thread finished: Stress-Test-TG 1-70
2025-04-27 18:45:19,120 INFO o.a.j.t.JMeterThread: Thread started: Stress-Test-TG 1-71
2025-04-27 18:45:19,120 INFO o.a.j.t.JMeterThread: Thread finished: Stress-Test-TG 1-71
2025-04-27 18:45:19,120 INFO o.a.j.t.JMeterThread: Thread started: Stress-Test-TG 1-72
2025-04-27 18:45:19,120 INFO o.a.j.t.JMeterThread: Thread started: Stress-Test-TG 1-73
2025-04-27 18:45:19,120 INFO o.a.j.t.JMeterThread: Thread finished: Stress-Test-TG 1-72
2025-04-27 18:45:19,120 INFO o.a.j.t.JMeterThread: Thread finished: Stress-Test-TG 1-73
2025-04-27 18:45:19,120 INFO o.a.j.t.JMeterThread: Thread started: Stress-Test-TG 1-74
2025-04-27 18:45:19,120 INFO o.a.j.t.JMeterThread: Thread finished: Stress-Test-TG 1-74
2025-04-27 18:45:19,120 INFO o.a.j.t.JMeterThread: Thread started: Stress-Test-TG 1-75
2025-04-27 18:45:19,121 INFO o.a.j.t.JMeterThread: Thread finished: Stress-Test-TG 1-75
2025-04-27 18:45:19,121 INFO o.a.j.t.JMeterThread: Thread started: Stress-Test-TG 1-76
2025-04-27 18:45:19,121 INFO o.a.j.t.JMeterThread: Thread finished: Stress-Test-TG 1-76
2025-04-27 18:45:19,122 INFO o.a.j.t.JMeterThread: Thread started: Stress-Test-TG 1-77
2025-04-27 18:45:19,122 INFO o.a.j.t.JMeterThread: Thread started: Stress-Test-TG 1-78
2025-04-27 18:45:19,122 INFO o.a.j.t.JMeterThread: Thread started: Stress-Test-TG 1-79
2025-04-27 18:45:19,122 INFO o.a.j.t.JMeterThread: Thread finished: Stress-Test-TG 1-78
2025-04-27 18:45:19,122 INFO o.a.j.t.JMeterThread: Thread started: Stress-Test-TG 1-80
2025-04-27 18:45:19,122 INFO o.a.j.t.JMeterThread: Thread finished: Stress-Test-TG 1-77
2025-04-27 18:45:19,123 INFO o.a.j.t.JMeterThread: Thread started: Stress-Test-TG 1-81
2025-04-27 18:45:19,123 INFO o.a.j.t.JMeterThread: Thread finished: Stress-Test-TG 1-80
2025-04-27 18:45:19,123 INFO o.a.j.t.JMeterThread: Thread started: Stress-Test-TG 1-82
2025-04-27 18:45:19,123 INFO o.a.j.t.JMeterThread: Thread finished: Stress-Test-TG 1-81
2025-04-27 18:45:19,123 INFO o.a.j.t.JMeterThread: Thread finished: Stress-Test-TG 1-82
2025-04-27 18:45:19,122 INFO o.a.j.t.JMeterThread: Thread finished: Stress-Test-TG 1-79
2025-04-27 18:45:19,123 INFO o.a.j.t.JMeterThread: Thread started: Stress-Test-TG 1-83
2025-04-27 18:45:19,124 INFO o.a.j.t.JMeterThread: Thread finished: Stress-Test-TG 1-83
2025-04-27 18:45:19,124 INFO o.a.j.t.JMeterThread: Thread started: Stress-Test-TG 1-84
2025-04-27 18:45:19,124 INFO o.a.j.t.JMeterThread: Thread finished: Stress-Test-TG 1-84
2025-04-27 18:45:19,124 INFO o.a.j.t.JMeterThread: Thread started: Stress-Test-TG 1-85
2025-04-27 18:45:19,124 INFO o.a.j.t.JMeterThread: Thread started: Stress-Test-TG 1-86
2025-04-27 18:45:19,124 INFO o.a.j.t.JMeterThread: Thread finished: Stress-Test-TG 1-85
2025-04-27 18:45:19,124 INFO o.a.j.t.JMeterThread: Thread finished: Stress-Test-TG 1-86
2025-04-27 18:45:19,124 INFO o.a.j.t.JMeterThread: Thread started: Stress-Test-TG 1-87
2025-04-27 18:45:19,125 INFO o.a.j.t.JMeterThread: Thread finished: Stress-Test-TG 1-87
2025-04-27 18:45:19,125 INFO o.a.j.t.JMeterThread: Thread started: Stress-Test-TG 1-88
2025-04-27 18:45:19,125 INFO o.a.j.t.JMeterThread: Thread started: Stress-Test-TG 1-89
2025-04-27 18:45:19,125 INFO o.a.j.t.JMeterThread: Thread finished: Stress-Test-TG 1-88
2025-04-27 18:45:19,125 INFO o.a.j.t.JMeterThread: Thread finished: Stress-Test-TG 1-89
2025-04-27 18:45:19,125 INFO o.a.j.t.JMeterThread: Thread started: Stress-Test-TG 1-90
2025-04-27 18:45:19,125 INFO o.a.j.t.JMeterThread: Thread finished: Stress-Test-TG 1-90
2025-04-27 18:45:19,125 INFO o.a.j.t.JMeterThread: Thread started: Stress-Test-TG 1-91
2025-04-27 18:45:19,125 INFO o.a.j.t.JMeterThread: Thread finished: Stress-Test-TG 1-91
2025-04-27 18:45:19,125 INFO o.a.j.t.JMeterThread: Thread started: Stress-Test-TG 1-92
2025-04-27 18:45:19,125 INFO o.a.j.t.JMeterThread: Thread finished: Stress-Test-TG 1-92
2025-04-27 18:45:19,125 INFO o.a.j.t.JMeterThread: Thread started: Stress-Test-TG 1-93
2025-04-27 18:45:19,125 INFO o.a.j.t.JMeterThread: Thread started: Stress-Test-TG 1-94
2025-04-27 18:45:19,125 INFO o.a.j.t.JMeterThread: Thread finished: Stress-Test-TG 1-93
2025-04-27 18:45:19,126 INFO o.a.j.t.JMeterThread: Thread finished: Stress-Test-TG 1-94
2025-04-27 18:45:19,126 INFO o.a.j.t.JMeterThread: Thread started: Stress-Test-TG 1-95
2025-04-27 18:45:19,126 INFO o.a.j.t.JMeterThread: Thread started: Stress-Test-TG 1-96
2025-04-27 18:45:19,126 INFO o.a.j.t.JMeterThread: Thread finished: Stress-Test-TG 1-95
2025-04-27 18:45:19,126 INFO o.a.j.t.JMeterThread: Thread finished: Stress-Test-TG 1-96
2025-04-27 18:45:19,126 INFO o.a.j.t.JMeterThread: Thread started: Stress-Test-TG 1-97
2025-04-27 18:45:19,126 INFO o.a.j.t.JMeterThread: Thread started: Stress-Test-TG 1-98
2025-04-27 18:45:19,126 INFO o.a.j.t.JMeterThread: Thread finished: Stress-Test-TG 1-97
2025-04-27 18:45:19,126 INFO o.a.j.t.JMeterThread: Thread finished: Stress-Test-TG 1-98
2025-04-27 18:45:19,126 INFO o.a.j.t.JMeterThread: Thread started: Stress-Test-TG 1-99
2025-04-27 18:45:19,127 INFO o.a.j.t.JMeterThread: Thread finished: Stress-Test-TG 1-99
2025-04-27 18:45:19,127 INFO o.a.j.t.JMeterThread: Thread started: Stress-Test-TG 1-100
2025-04-27 18:45:19,127 INFO o.a.j.t.JMeterThread: Thread finished: Stress-Test-TG 1-100
2025-04-27 18:45:20,104 INFO o.a.j.t.JMeterThread: Thread finished: Stress-Test-TG 1-6
2025-04-27 18:45:20,108 INFO o.a.j.t.JMeterThread: Thread finished: Stress-Test-TG 1-3
2025-04-27 18:45:21,105 INFO o.a.j.t.JMeterThread: Thread finished: Stress-Test-TG 1-7
2025-04-27 18:45:21,109 INFO o.a.j.t.JMeterThread: Thread finished: Stress-Test-TG 1-4
2025-04-27 18:45:21,111 INFO o.a.j.t.JMeterThread: Thread finished: Stress-Test-TG 1-1
2025-04-27 18:45:21,111 INFO o.a.j.e.StandardJMeterEngine: Notifying test listeners of end of test
2025-04-27 18:45:21,111 INFO o.a.j.g.u.JMeterMenuBar: setRunning(false, *local*)
